httpæœåŠ¡å¯åŠ¨èµ·æ¥
httpæœåŠ¡å¯åŠ¨èµ·æ¥
Error when reading 'bin/main.dart': No such file or directory.
Error when reading 'bin/main.dart': No such file or directory.
httpæœåŠ¡å¯åŠ¨èµ·æ¥
httpæœåŠ¡å¯åŠ¨èµ·æ¥
Unhandled exception:
SocketException: Failed to create server socket (OS Error: Address already in use, errno = 98), address = 0.0.0.0, port = 9002
#0      _NativeSocket.bind (dart:io-patch/socket_patch.dart:957:7)
<asynchronous suspension>
#1      main (file:///root/server/LostAndFound.server/src/bin/main.dart:9:25)
<asynchronous suspension>
2021/06/07 01:41:47 [1;34m[I] [root.go:108] frps uses config file: /root/server/frp/frp_0.35.1_linux_amd64/frps.ini[0m
Create server listener error, listen tcp 0.0.0.0:8000: bind: address already in use
Unhandled exception:
SocketException: Failed to create server socket (OS Error: Address already in use, errno = 98), address = 0.0.0.0, port = 10086
#0      _NativeSocket.bind (dart:io-patch/socket_patch.dart:957:7)
<asynchronous suspension>
#1      main (file:///root/server/get_up_early_server-master/bin/main.dart:15:25)
<asynchronous suspension>
httpæœåŠ¡å¯åŠ¨èµ·æ¥
true
true
true
true
true
true
true
true
true
true
true
true
true
true
true
true
true
true
2021/06/07 01:54:54 [1;34m[I] [root.go:108] frps uses config file: /root/server/frp/frp_0.35.1_linux_amd64/frps.ini[0m
Create server listener error, listen tcp 0.0.0.0:8000: bind: address already in use
Unhandled exception:
SocketException: Failed to create server socket (OS Error: Address already in use, errno = 98), address = 0.0.0.0, port = 10086
#0      _NativeSocket.bind (dart:io-patch/socket_patch.dart:957:7)
<asynchronous suspension>
#1      main (file:///root/server/get_up_early_server-master/bin/main.dart:15:25)
<asynchronous suspension>
httpæœåŠ¡å¯åŠ¨èµ·æ¥
2021/06/07 02:02:45 [1;34m[I] [root.go:108] frps uses config file: /root/server/frp/frp_0.35.1_linux_amd64/frps.ini[0m
Create server listener error, listen tcp 0.0.0.0:8000: bind: address already in use
Unhandled exception:
SocketException: Failed to create server socket (OS Error: Address already in use, errno = 98), address = 0.0.0.0, port = 10086
#0      _NativeSocket.bind (dart:io-patch/socket_patch.dart:957:7)
<asynchronous suspension>
#1      main (file:///root/server/get_up_early_server-master/bin/main.dart:15:25)
<asynchronous suspension>
httpæœåŠ¡å¯åŠ¨èµ·æ¥
2021/06/07 02:10:07 [1;34m[I] [root.go:108] frps uses config file: /root/server/frp/frp_0.35.1_linux_amd64/frps.ini[0m
Create server listener error, listen tcp 0.0.0.0:8000: bind: address already in use
Unhandled exception:
SocketException: Failed to create server socket (OS Error: Address already in use, errno = 98), address = 0.0.0.0, port = 10086
#0      _NativeSocket.bind (dart:io-patch/socket_patch.dart:957:7)
<asynchronous suspension>
#1      main (file:///root/server/get_up_early_server-master/bin/main.dart:15:25)
<asynchronous suspension>
httpæœåŠ¡å¯åŠ¨èµ·æ¥
httpæœåŠ¡å¯åŠ¨èµ·æ¥
httpæœåŠ¡å¯åŠ¨èµ·æ¥
false
false
false
false
false
false
false
false
false
false
false
false
false
false
false
false
false
false
false
false
false
false
false
false
false
false
false
false
false
false
false
false
false
false
false
false
false
false
false
false
false
false
false
false
false
false
false
false
false
false
false
false
false
false
false
false
false
false
false
false
false
false
false
false
false
false
false
false
false
false
false
false
false
false
false
false
false
false
false
false
false
false
false
false
false
false
false
false
false
false
false
false
false
false
false
false
false
false
false
false
false
false
false
false
false
false
true
false
true
false
true
false
false
false
false
false
false
false
false
false
false
false
false
false
false
false
false
false
false
false
false
false
false
false
false
false
false
false
false
false
false
false
false
false
false
false
false
false
false
false
false
false
false
false
false
false
false
false
false
false
false
false
false
false
false
false
false
false
false
false
false
false
false
false
false
true
false
false
false
false
false
false
false
false
false
false
false
false
false
false
false
false
false
false
false
false
false
false
false
false
false
false
false
false
false
false
false
false
false
false
false
false
false
false
false
false
false
false
false
false
false
false
false
false
false
false
false
false
false
false
false
false
false
false
false
false
false
false
false
false
false
false
false
false
false
false
false
false
false
false
false
false
false
false
false
false
false
false
false
false
false
false
false
false
false
false
false
false
false
false
false
false
false
false
false
false
false
false
false
false
false
false
false
false
false
false
false
false
false
false
false
false
false
false
false
false
false
false
false
false
false
false
false
false
false
false
false
false
false
false
false
false
false
false
false
false
false
false
false
false
false
false
false
false
false
false
false
false
false
false
false
false
false
false
false
false
false
false
false
false
false
false
false
false
false
false
false
false
false
false
false
false
false
false
false
false
false
false
false
false
false
false
false
false
false
false
false
false
false
false
false
false
false
false
false
false
false
false
false
false
false
false
false
false
false
false
false
false
false
false
false
false
false
false
false
false
false
false
false
false
false
false
false
false
false
false
false
false
false
false
false
false
false
false
false
false
false
false
false
false
false
false
false
false
false
false
false
false
false
false
false
false
false
false
false
false
false
false
false
false
false
false
false
false
false
false
false
false
false
false
false
false
false
false
false
false
false
false
false
false
false
false
false
false
false
false
false
false
false
false
false
false
false
false
false
false
false
false
false
false
false
false
false
false
false
false
false
false
false
false
false
false
false
false
false
false
false
false
false
false
false
false
false
false
false
false
false
false
false
false
false
false
false
false
false
false
false
false
false
false
false
false
false
false
false
false
false
false
false
false
false
false
false
false
false
false
false
false
false
false
false
false
false
false
false
false
false
false
false
false
false
false
false
false
false
false
false
false
false
false
false
false
false
false
false
false
false
false
false
false
false
false
false
false
false
false
false
false
false
false
false
false
false
false
false
false
false
false
false
false
false
false
false
false
false
false
false
false
false
false
false
false
false
false
false
false
false
false
false
false
false
false
false
false
false
false
false
false
false
false
false
false
false
false
false
false
false
false
false
false
false
false
false
false
false
false
false
false
false
false
false
false
false
false
false
false
false
false
false
false
false
false
false
false
false
false
false
false
false
false
false
false
false
false
false
false
false
false
false
false
false
false
false
false
false
false
false
false
false
false
false
false
false
false
false
false
false
false
false
false
false
false
false
false
false
false
false
false
false
false
false
false
false
false
false
false
false
false
false
false
false
false
false
false
false
false
false
false
false
false
false
false
false
false
false
false
false
false
false
false
false
false
false
false
false
false
false
false
false
false
false
false
false
false
false
false
false
false
false
false
false
false
false
false
false
false
false
false
false
false
false
false
false
false
false
false
false
false
false
false
false
false
false
false
false
false
false
false
false
false
false
false
false
false
false
false
false
false
false
false
false
false
false
false
false
false
false
false
false
false
false
false
false
false
false
false
false
false
false
false
false
false
false
false
false
false
false
false
false
false
false
false
false
false
false
false
false
false
false
false
false
false
false
false
false
false
false
false
false
false
false
false
false
false
false
false
false
false
false
false
false
false
false
false
false
false
false
false
false
false
false
false
false
false
false
false
false
false
false
false
false
false
false
false
false
false
false
false
false
false
false
false
false
false
false
false
false
false
false
false
false
false
false
false
false
false
false
false
false
false
false
2021/06/08 11:49:53 [1;34m[I] [root.go:108] frps uses config file: /root/server/frp/frp_0.35.1_linux_amd64/frps.ini[0m
Create server listener error, listen tcp 0.0.0.0:8000: bind: address already in use
Unhandled exception:
SocketException: Failed to create server socket (OS Error: Address already in use, errno = 98), address = 0.0.0.0, port = 10086
#0      _NativeSocket.bind (dart:io-patch/socket_patch.dart:957:7)
<asynchronous suspension>
#1      main (file:///root/server/get_up_early_server-master/bin/main.dart:14:25)
<asynchronous suspension>
httpæœåŠ¡å¯åŠ¨èµ·æ¥
2021/06/08 12:31:27 [1;34m[I] [root.go:108] frps uses config file: /root/server/frp/frp_0.35.1_linux_amd64/frps.ini[0m
Create server listener error, listen tcp 0.0.0.0:8000: bind: address already in use
Unhandled exception:
SocketException: Failed to create server socket (OS Error: Address already in use, errno = 98), address = 0.0.0.0, port = 10086
#0      _NativeSocket.bind (dart:io-patch/socket_patch.dart:957:7)
<asynchronous suspension>
#1      main (file:///root/server/get_up_early_server-master/bin/main.dart:14:25)
<asynchronous suspension>
httpæœåŠ¡å¯åŠ¨èµ·æ¥
false
false
false
false
false
false
false
false
false
false
false
false
false
false
false
false
false
false
false
false
false
false
false
false
false
false
false
false
false
false
false
false
false
false
false
false
false
false
false
false
false
false
false
false
false
false
false
false
false
false
true
false
false
false
false
false
false
false
false
false
false
false
false
false
true
false
false
false
false
false
false
false
false
false
false
false
false
false
false
true
false
false
false
false
true
false
false
false
false
true
false
false
false
false
true
false
false
false
false
true
false
false
false
false
true
false
false
false
false
false
false
false
false
false
false
false
false
false
false
false
false
false
false
false
false
false
false
false
false
false
false
false
false
false
false
false
false
false
false
false
false
false
false
false
false
false
false
true
false
false
true
false
false
false
false
false
false
false
false
false
false
false
false
false
false
false
false
false
false
false
false
false
false
false
false
false
false
false
false
false
false
false
false
false
false
true
false
false
false
false
false
false
false
false
false
false
true
false
false
true
false
false
true
false
false
true
false
false
true
httpæœåŠ¡å¯åŠ¨èµ·æ¥
/root/server/LostAndFound.server/src/production/../image/22834655463263957589.jpg
2021/06/09 15:08:23 [1;34m[I] [root.go:108] frps uses config file: /root/server/frp/frp_0.35.1_linux_amd64/frps.ini[0m
Create server listener error, listen tcp 0.0.0.0:8000: bind: address already in use
Unhandled exception:
SocketException: Failed to create server socket (OS Error: Address already in use, errno = 98), address = 0.0.0.0, port = 10086
#0      _NativeSocket.bind (dart:io-patch/socket_patch.dart:957:7)
<asynchronous suspension>
#1      main (file:///root/server/get_up_early_server-master/bin/main.dart:14:25)
<asynchronous suspension>
httpæœåŠ¡å¯åŠ¨èµ·æ¥
/root/server/LostAndFound.server/src/bin/../image/23301141058365226329.png
2021/06/09 15:12:42 [1;34m[I] [root.go:108] frps uses config file: /root/server/frp/frp_0.35.1_linux_amd64/frps.ini[0m
Create server listener error, listen tcp 0.0.0.0:8000: bind: address already in use
Unhandled exception:
SocketException: Failed to create server socket (OS Error: Address already in use, errno = 98), address = 0.0.0.0, port = 10086
#0      _NativeSocket.bind (dart:io-patch/socket_patch.dart:957:7)
<asynchronous suspension>
#1      main (file:///root/server/get_up_early_server-master/bin/main.dart:14:25)
<asynchronous suspension>
httpæœåŠ¡å¯åŠ¨èµ·æ¥
/root/server/LostAndFound.server/src/bin/../image/23457150736587689509.png
/root/server/LostAndFound.server/src/bin/../image/23951759340484401126.png
/root/server/LostAndFound.server/src/bin/../image/23839512268886832580.png
/root/server/LostAndFound.server/src/bin/../image/23981017949149264080.png
2021/06/09 15:26:00 [1;34m[I] [root.go:108] frps uses config file: /root/server/frp/frp_0.35.1_linux_amd64/frps.ini[0m
Create server listener error, listen tcp 0.0.0.0:8000: bind: address already in use
Unhandled exception:
SocketException: Failed to create server socket (OS Error: Address already in use, errno = 98), address = 0.0.0.0, port = 10086
#0      _NativeSocket.bind (dart:io-patch/socket_patch.dart:957:7)
<asynchronous suspension>
#1      main (file:///root/server/get_up_early_server-master/bin/main.dart:14:25)
<asynchronous suspension>
httpæœåŠ¡å¯åŠ¨èµ·æ¥
/root/server/LostAndFound.server/src/bin/../image/24324905218662528592.jpg
/root/server/LostAndFound.server/src/bin/../image/25923513761338858840.png
/root/server/LostAndFound.server/src/bin/../image/27251211366266017905.png
httpæœåŠ¡å¯åŠ¨èµ·æ¥
httpæœåŠ¡å¯åŠ¨èµ·æ¥
Message sent: Message successfully sent.
Connection was opened at: 2021-06-10 13:17:03.770273.
Sending the message started at: 2021-06-10 13:17:04.198027 and finished at: 2021-06-10 13:17:04.983497.
Message sent: Message successfully sent.
Connection was opened at: 2021-06-10 14:24:34.248983.
Sending the message started at: 2021-06-10 14:24:34.616113 and finished at: 2021-06-10 14:24:35.245368.
Message sent: Message successfully sent.
Connection was opened at: 2021-06-10 14:25:20.179048.
Sending the message started at: 2021-06-10 14:25:20.570446 and finished at: 2021-06-10 14:25:21.218186.
Error 1267 (HY000): Illegal mix of collations (latin1_swedish_ci,IMPLICIT) and (utf8mb4_general_ci,COERCIBLE) for operation '='
Error 1267 (HY000): Illegal mix of collations (latin1_swedish_ci,IMPLICIT) and (utf8mb4_general_ci,COERCIBLE) for operation '='
Message sent: Message successfully sent.
Connection was opened at: 2021-06-10 14:28:23.633038.
Sending the message started at: 2021-06-10 14:28:23.991574 and finished at: 2021-06-10 14:28:24.669541.
Message sent: Message successfully sent.
Connection was opened at: 2021-06-10 15:24:59.772729.
Sending the message started at: 2021-06-10 15:25:00.167981 and finished at: 2021-06-10 15:25:00.886478.
Message sent: Message successfully sent.
Connection was opened at: 2021-06-10 15:28:11.831926.
Sending the message started at: 2021-06-10 15:28:12.184451 and finished at: 2021-06-10 15:28:12.816891.
type 'String' is not a subtype of type 'HttpBodyFileUpload'
type 'String' is not a subtype of type 'HttpBodyFileUpload'
type 'String' is not a subtype of type 'HttpBodyFileUpload'
httpæœåŠ¡å¯åŠ¨èµ·æ¥
type 'String' is not a subtype of type 'HttpBodyFileUpload'
/root/server/LostAndFound.server/src/bin/../image/30188223755352207049.jpg
type 'String' is not a subtype of type 'HttpBodyFileUpload'
type 'String' is not a subtype of type 'int'
type 'String' is not a subtype of type 'int'
type 'String' is not a subtype of type 'int'
type 'bool' is not a subtype of type 'int'
Message sent: Message successfully sent.
Connection was opened at: 2021-06-10 23:48:43.158314.
Sending the message started at: 2021-06-10 23:48:43.581165 and finished at: 2021-06-10 23:48:44.316750.
Message sent: Message successfully sent.
Connection was opened at: 2021-06-11 00:12:29.617148.
Sending the message started at: 2021-06-11 00:12:29.967882 and finished at: 2021-06-11 00:12:30.554697.
Message sent: Message successfully sent.
Connection was opened at: 2021-06-11 00:13:42.630324.
Sending the message started at: 2021-06-11 00:13:43.025128 and finished at: 2021-06-11 00:13:43.666269.
Message sent: Message successfully sent.
Connection was opened at: 2021-06-11 00:14:28.791239.
Sending the message started at: 2021-06-11 00:14:29.121331 and finished at: 2021-06-11 00:14:29.725468.
httpæœåŠ¡å¯åŠ¨èµ·æ¥
Message sent: Message successfully sent.
Connection was opened at: 2021-06-11 00:17:09.770676.
Sending the message started at: 2021-06-11 00:17:10.130806 and finished at: 2021-06-11 00:17:10.686613.
/root/server/LostAndFound.server/src/production/../image/34953820863739404690.png
/root/server/LostAndFound.server/src/production/../image/35786943515636047644.png
Message sent: Message successfully sent.
Connection was opened at: 2021-06-11 01:09:16.057624.
Sending the message started at: 2021-06-11 01:09:16.474509 and finished at: 2021-06-11 01:09:17.163178.
/root/server/LostAndFound.server/src/production/../image/37836866498012978233.png
Message sent: Message successfully sent.
Connection was opened at: 2021-06-11 09:09:10.104099.
Sending the message started at: 2021-06-11 09:09:10.505300 and finished at: 2021-06-11 09:09:11.343291.
Message sent: Message successfully sent.
Connection was opened at: 2021-06-11 09:10:14.630792.
Sending the message started at: 2021-06-11 09:10:15.538319 and finished at: 2021-06-11 09:10:16.460219.
/root/server/LostAndFound.server/src/production/../image/38126755445741369123.jpeg
/root/server/LostAndFound.server/src/production/../image/39019718276142782505.png
Message sent: Message successfully sent.
Connection was opened at: 2021-06-13 22:33:07.771200.
Sending the message started at: 2021-06-13 22:33:08.151449 and finished at: 2021-06-13 22:33:08.812024.
/root/server/LostAndFound.server/src/production/../image/40414781667145282293.jpg
/root/server/LostAndFound.server/src/production/../image/41594760769299535980.jpg
Message sent: Message successfully sent.
Connection was opened at: 2021-06-24 17:07:22.227104.
Sending the message started at: 2021-06-24 17:07:22.620669 and finished at: 2021-06-24 17:07:23.304292.
